<?xml version="1.0" encoding="UTF-8"?>
<testng-results ignored="0" total="1" passed="1" failed="0" skipped="0">
  <reporter-output>
  </reporter-output>
  <suite started-at="2023-07-16T17:50:29 IST" name="Suite" finished-at="2023-07-16T17:50:34 IST" duration-ms="4830">
    <groups>
    </groups>
    <test started-at="2023-07-16T17:50:29 IST" name="Test" finished-at="2023-07-16T17:50:34 IST" duration-ms="4830">
      <class name="Gochida_Dashboard.Login">
        <test-method is-config="true" signature="loginpage()[pri:0, instance:Gochida_Dashboard.Login@794cb805]" started-at="2023-07-16T17:50:29 IST" name="loginpage" finished-at="2023-07-16T17:50:34 IST" duration-ms="4687" status="PASS">
          <reporter-output>
          </reporter-output>
        </test-method> <!-- loginpage -->
        <test-method signature="testrun()[pri:0, instance:Gochida_Dashboard.Login@794cb805]" started-at="2023-07-16T17:50:34 IST" name="testrun" finished-at="2023-07-16T17:50:34 IST" duration-ms="120" status="PASS">
          <reporter-output>
          </reporter-output>
        </test-method> <!-- testrun -->
      </class> <!-- Gochida_Dashboard.Login -->
    </test> <!-- Test -->
  </suite> <!-- Suite -->
</testng-results>
