<?xml version="1.0" encoding="UTF-8"?>
<testng-results ignored="0" total="1" passed="1" failed="0" skipped="0">
  <reporter-output>
  </reporter-output>
  <suite started-at="2023-07-12T15:54:05 IST" name="Suite" finished-at="2023-07-12T15:54:15 IST" duration-ms="9854">
    <groups>
    </groups>
    <test started-at="2023-07-12T15:54:05 IST" name="Test" finished-at="2023-07-12T15:54:15 IST" duration-ms="9854">
      <class name="Gochida_Dashboard.Login">
        <test-method is-config="true" signature="loginpage()[pri:0, instance:Gochida_Dashboard.Login@794cb805]" started-at="2023-07-12T15:54:05 IST" name="loginpage" finished-at="2023-07-12T15:54:14 IST" duration-ms="9453" status="PASS">
          <reporter-output>
          </reporter-output>
        </test-method> <!-- loginpage -->
        <test-method signature="testfun()[pri:0, instance:Gochida_Dashboard.Login@794cb805]" started-at="2023-07-12T15:54:14 IST" name="testfun" finished-at="2023-07-12T15:54:15 IST" duration-ms="376" status="PASS">
          <reporter-output>
          </reporter-output>
        </test-method> <!-- testfun -->
      </class> <!-- Gochida_Dashboard.Login -->
    </test> <!-- Test -->
  </suite> <!-- Suite -->
</testng-results>
