<?xml version="1.0" encoding="UTF-8"?>
<testng-results ignored="0" total="1" passed="1" failed="0" skipped="0">
  <reporter-output>
  </reporter-output>
  <suite started-at="2023-07-16T17:49:46 IST" name="Default suite" finished-at="2023-07-16T17:49:58 IST" duration-ms="11616">
    <groups>
    </groups>
    <test started-at="2023-07-16T17:49:46 IST" name="Default test" finished-at="2023-07-16T17:49:58 IST" duration-ms="11616">
      <class name="Gochida_Dashboard.Login">
        <test-method is-config="true" signature="loginpage()[pri:0, instance:Gochida_Dashboard.Login@6e9175d8]" started-at="2023-07-16T17:49:46 IST" name="loginpage" finished-at="2023-07-16T17:49:58 IST" duration-ms="11453" status="PASS">
          <reporter-output>
          </reporter-output>
        </test-method> <!-- loginpage -->
        <test-method signature="testrun()[pri:0, instance:Gochida_Dashboard.Login@6e9175d8]" started-at="2023-07-16T17:49:58 IST" name="testrun" finished-at="2023-07-16T17:49:58 IST" duration-ms="122" status="PASS">
          <reporter-output>
          </reporter-output>
        </test-method> <!-- testrun -->
      </class> <!-- Gochida_Dashboard.Login -->
    </test> <!-- Default test -->
  </suite> <!-- Default suite -->
</testng-results>
