<?xml version="1.0" encoding="UTF-8"?>
<testng-results ignored="0" total="1" passed="1" failed="0" skipped="0">
  <reporter-output>
  </reporter-output>
  <suite started-at="2023-07-12T17:02:33 IST" name="Default suite" finished-at="2023-07-12T17:02:42 IST" duration-ms="8928">
    <groups>
    </groups>
    <test started-at="2023-07-12T17:02:33 IST" name="Default test" finished-at="2023-07-12T17:02:42 IST" duration-ms="8928">
      <class name="Gochida_Dashboard.Login">
        <test-method is-config="true" signature="loginpage()[pri:0, instance:Gochida_Dashboard.Login@2eae8e6e]" started-at="2023-07-12T17:02:33 IST" name="loginpage" finished-at="2023-07-12T17:02:42 IST" duration-ms="8426" status="PASS">
          <reporter-output>
          </reporter-output>
        </test-method> <!-- loginpage -->
        <test-method signature="testfun()[pri:0, instance:Gochida_Dashboard.Login@2eae8e6e]" started-at="2023-07-12T17:02:42 IST" name="testfun" finished-at="2023-07-12T17:02:42 IST" duration-ms="451" status="PASS">
          <reporter-output>
          </reporter-output>
        </test-method> <!-- testfun -->
      </class> <!-- Gochida_Dashboard.Login -->
    </test> <!-- Default test -->
  </suite> <!-- Default suite -->
</testng-results>
